[debug] [2020-10-09T02:21:54.191Z] ----------------------------------------------------------------------
[debug] [2020-10-09T02:21:54.192Z] Command:       /usr/bin/node /usr/bin/firebase login
[debug] [2020-10-09T02:21:54.193Z] CLI Version:   8.12.0
[debug] [2020-10-09T02:21:54.193Z] Platform:      linux
[debug] [2020-10-09T02:21:54.193Z] Node Version:  v13.14.0
[debug] [2020-10-09T02:21:54.193Z] Time:          Thu Oct 08 2020 21:21:54 GMT-0500 (Central Daylight Time)
[debug] [2020-10-09T02:21:54.193Z] ----------------------------------------------------------------------
[debug] [2020-10-09T02:21:54.194Z] 
[info] i  Firebase optionally collects CLI usage and error reporting information to help improve our products. Data is collected in accordance with Google's privacy policy (https://policies.google.com/privacy) and is not used to identify you.
 
[info] i  To change your data collection preference at any time, run `firebase logout` and log in again. 
[info] 
[info] Visit this URL on this device to log in:
[info] https://accounts.google.com/o/oauth2/auth?client_id=563584335869-fgrhgmd47bqnekij5i8b5pr03ho849e6.apps.googleusercontent.com&scope=email%20openid%20https%3A%2F%2Fwww.googleapis.com%2Fauth%2Fcloudplatformprojects.readonly%20https%3A%2F%2Fwww.googleapis.com%2Fauth%2Ffirebase%20https%3A%2F%2Fwww.googleapis.com%2Fauth%2Fcloud-platform&response_type=code&state=458350585&redirect_uri=http%3A%2F%2Flocalhost%3A9005
[info] 
[info] Waiting for authentication...
[debug] [2020-10-09T02:21:55.500Z] Error: spawn cmd.exe ENOENT
    at Process.ChildProcess._handle.onexit (internal/child_process.js:267:19)
    at onErrorNT (internal/child_process.js:467:16)
    at processTicksAndRejections (internal/process/task_queues.js:84:21)
[error] 
[error] Error: An unexpected error has occurred.
[debug] [2020-10-09T02:35:12.400Z] ----------------------------------------------------------------------
[debug] [2020-10-09T02:35:12.401Z] Command:       /usr/bin/node /usr/bin/firebase login --no-localhost
[debug] [2020-10-09T02:35:12.401Z] CLI Version:   8.12.0
[debug] [2020-10-09T02:35:12.401Z] Platform:      linux
[debug] [2020-10-09T02:35:12.402Z] Node Version:  v13.14.0
[debug] [2020-10-09T02:35:12.402Z] Time:          Thu Oct 08 2020 21:35:12 GMT-0500 (Central Daylight Time)
[debug] [2020-10-09T02:35:12.402Z] ----------------------------------------------------------------------
[debug] [2020-10-09T02:35:12.402Z] 
[info] i  Firebase optionally collects CLI usage and error reporting information to help improve our products. Data is collected in accordance with Google's privacy policy (https://policies.google.com/privacy) and is not used to identify you.
 
[info] i  To change your data collection preference at any time, run `firebase logout` and log in again. 
[info] 
[info] Visit this URL on any device to log in:
[info] https://accounts.google.com/o/oauth2/auth?client_id=563584335869-fgrhgmd47bqnekij5i8b5pr03ho849e6.apps.googleusercontent.com&scope=email%20openid%20https%3A%2F%2Fwww.googleapis.com%2Fauth%2Fcloudplatformprojects.readonly%20https%3A%2F%2Fwww.googleapis.com%2Fauth%2Ffirebase%20https%3A%2F%2Fwww.googleapis.com%2Fauth%2Fcloud-platform&response_type=code&state=1071190902&redirect_uri=urn%3Aietf%3Awg%3Aoauth%3A2.0%3Aoob
[info] 
[debug] [2020-10-09T02:35:13.279Z] Error: spawn cmd.exe ENOENT
    at Process.ChildProcess._handle.onexit (internal/child_process.js:267:19)
    at onErrorNT (internal/child_process.js:467:16)
    at processTicksAndRejections (internal/process/task_queues.js:84:21)
[error] 
[error] Error: An unexpected error has occurred.
[debug] [2020-10-09T02:39:12.523Z] ----------------------------------------------------------------------
[debug] [2020-10-09T02:39:12.525Z] Command:       /usr/bin/node /usr/bin/firebase login --no-localhost
[debug] [2020-10-09T02:39:12.525Z] CLI Version:   8.12.0
[debug] [2020-10-09T02:39:12.525Z] Platform:      linux
[debug] [2020-10-09T02:39:12.525Z] Node Version:  v13.14.0
[debug] [2020-10-09T02:39:12.526Z] Time:          Thu Oct 08 2020 21:39:12 GMT-0500 (Central Daylight Time)
[debug] [2020-10-09T02:39:12.526Z] ----------------------------------------------------------------------
[debug] [2020-10-09T02:39:12.526Z] 
[info] i  Firebase optionally collects CLI usage and error reporting information to help improve our products. Data is collected in accordance with Google's privacy policy (https://policies.google.com/privacy) and is not used to identify you.
 
[info] i  To change your data collection preference at any time, run `firebase logout` and log in again. 
[info] 
[info] Visit this URL on any device to log in:
[info] https://accounts.google.com/o/oauth2/auth?client_id=563584335869-fgrhgmd47bqnekij5i8b5pr03ho849e6.apps.googleusercontent.com&scope=email%20openid%20https%3A%2F%2Fwww.googleapis.com%2Fauth%2Fcloudplatformprojects.readonly%20https%3A%2F%2Fwww.googleapis.com%2Fauth%2Ffirebase%20https%3A%2F%2Fwww.googleapis.com%2Fauth%2Fcloud-platform&response_type=code&state=541304001&redirect_uri=urn%3Aietf%3Awg%3Aoauth%3A2.0%3Aoob
[info] 
[debug] [2020-10-09T02:39:13.423Z] Error: spawn cmd.exe ENOENT
    at Process.ChildProcess._handle.onexit (internal/child_process.js:267:19)
    at onErrorNT (internal/child_process.js:467:16)
    at processTicksAndRejections (internal/process/task_queues.js:84:21)
[error] 
[error] Error: An unexpected error has occurred.
